2026-04-30 08:35:50  8B
2026-04-30 08:35:54  5E
2026-04-30 08:35:57  8B
2026-04-30 08:36:18  83
2026-04-30 08:36:18  0F
2026-04-30 08:36:23  2B
2026-04-30 08:36:38  0F
2026-04-30 08:37:51  8F
2026-04-30 08:37:56  4F
2026-04-30 08:37:56  0F DA
2026-04-30 08:38:01  0F
2026-04-30 08:38:25  8F
2026-04-30 08:38:29  8F
2026-04-30 08:38:35  AB
2026-04-30 08:39:44  5E
2026-04-30 08:40:05  A7
2026-04-30 08:40:55  5E
2026-04-30 08:41:17  AB
2026-04-30 08:41:54  8B
2026-04-30 08:41:58  8B
2026-04-30 08:42:04  0F
2026-04-30 08:42:07  8B
2026-04-30 08:42:28  AB
2026-04-30 08:44:39  4B
2026-04-30 08:44:48  83
2026-04-30 08:44:48  0B
2026-04-30 08:44:53  2B
2026-04-30 08:45:08  5B
2026-04-30 08:46:49  8B 4F A7
2026-04-30 08:46:54  8F 7F 0F DA
2026-04-30 08:46:59  0F AB 93
